<?xml version="1.0" encoding="UTF-8"?>
<testsuite xmlns:xsi="http://www.w3.org/2001/XMLSchema-instance" xsi:noNamespaceSchemaLocation="https://maven.apache.org/surefire/maven-surefire-plugin/xsd/surefire-test-report-3.0.xsd" version="3.0" name="com.miproyecto.tests.TestLoginAndHome" time="4.777" tests="5" errors="0" skipped="0" failures="0">
  <properties>
[...]
</properties>
  <testcase name="verificarBalanceContieneValorEsperado" classname="com.miproyecto.tests.TestLoginAndHome" time="0.058">
    <system-out><![CDATA[Balance capturado: Total Balance
$350%7
View Statement
]]></system-out>
    <system-err><![CDATA[ene 29, 2026 9:46:41 A. M. org.openqa.selenium.remote.service.DriverService$Builder getLogOutput
INFO: Driver logs no longer sent to console by default; https://www.selenium.dev/documentation/webdriver/drivers/service/#setting-log-output
ene 29, 2026 9:46:43 A. M. org.openqa.selenium.devtools.CdpVersionFinder findNearestMatch
WARNING: Unable to find CDP implementation matching 144
ene 29, 2026 9:46:43 A. M. org.openqa.selenium.chromium.ChromiumDriver lambda$new$4
WARNING: Unable to find version of CDP to use for . You may need to include a dependency on a specific version of the CDP using something similar to `org.seleniumhq.selenium:selenium-devtools-v86:4.10.0` where the version ("v86") matches the version of the chromium-based browser you're using and the version number of the artifact is the same as Selenium's.
]]></system-err>
  </testcase>
  <testcase name="verificarCreditoDisponibleContieneValorEsperado" classname="com.miproyecto.tests.TestLoginAndHome" time="0.044">
    <system-out><![CDATA[Credito disponible: Credit Available
$17,800
Request Increase
]]></system-out>
  </testcase>
  <testcase name="verificarQueExistenExactamenteSeisTransacciones" classname="com.miproyecto.tests.TestLoginAndHome" time="0.24"/>
  <testcase name="verificarRedireccionALaTablaDeGastos" classname="com.miproyecto.tests.TestLoginAndHome" time="0.005"/>
  <testcase name="verificarColoresDeMontos" classname="com.miproyecto.tests.TestLoginAndHome" time="0.145">
    <system-out><![CDATA[Cantidad de montos: 6
]]></system-out>
  </testcase>
</testsuite>